<?xml version="1.0" encoding="UTF-8"?>
<testsuite xmlns:xsi="http://www.w3.org/2001/XMLSchema-instance" xsi:noNamespaceSchemaLocation="https://maven.apache.org/surefire/maven-surefire-plugin/xsd/surefire-test-report-3.0.xsd" version="3.0" name="com.sistema.escola.EscolaApplicationTests" time="6.986" tests="1" errors="0" skipped="0" failures="0">
  <properties>
[...]
</properties>
  <testcase name="contextLoads" classname="com.sistema.escola.EscolaApplicationTests" time="0.635">
    <system-out><![CDATA[18:22:16.185 [main] INFO org.springframework.test.context.support.AnnotationConfigContextLoaderUtils -- Could not detect default configuration classes for test class [com.sistema.escola.EscolaApplicationTests]: EscolaApplicationTests does not declare any static, non-private, non-final, nested classes annotated with @Configuration.
18:22:16.340 [main] INFO org.springframework.boot.test.context.SpringBootTestContextBootstrapper -- Found @SpringBootConfiguration com.sistema.escola.EscolaApplication for test class com.sistema.escola.EscolaApplicationTests

  .   ____          _            __ _ _
 /\\ / ___'_ __ _ _(_)_ __  __ _ \ \ \ \
( ( )\___ | '_ | '_| | '_ \/ _` | \ \ \ \
 \\/  ___)| |_)| | | | | || (_| |  ) ) ) )
  '  |____| .__|_| |_|_| |_\__, | / / / /
 =========|_|==============|___/=/_/_/_/
 :: Spring Boot ::                (v3.1.5)

2023-11-22T18:22:16.886-03:00  INFO 5480 --- [           main] c.sistema.escola.EscolaApplicationTests  : Starting EscolaApplicationTests using Java 17.0.4.1 with PID 5480 (started by Rodrigo in C:\Users\Rodrigo\Desktop\Curso Senac\Atividades\MOD. 3\PI\Etapa 2 e 3\escola)
2023-11-22T18:22:16.886-03:00  INFO 5480 --- [           main] c.sistema.escola.EscolaApplicationTests  : No active profile set, falling back to 1 default profile: "default"
2023-11-22T18:22:17.940-03:00  INFO 5480 --- [           main] .s.d.r.c.RepositoryConfigurationDelegate : Bootstrapping Spring Data JPA repositories in DEFAULT mode.
2023-11-22T18:22:18.034-03:00  INFO 5480 --- [           main] .s.d.r.c.RepositoryConfigurationDelegate : Finished Spring Data repository scanning in 82 ms. Found 3 JPA repository interfaces.
2023-11-22T18:22:18.652-03:00  INFO 5480 --- [           main] o.hibernate.jpa.internal.util.LogHelper  : HHH000204: Processing PersistenceUnitInfo [name: default]
2023-11-22T18:22:18.739-03:00  INFO 5480 --- [           main] org.hibernate.Version                    : HHH000412: Hibernate ORM core version 6.2.13.Final
2023-11-22T18:22:18.743-03:00  INFO 5480 --- [           main] org.hibernate.cfg.Environment            : HHH000406: Using bytecode reflection optimizer
2023-11-22T18:22:19.208-03:00  INFO 5480 --- [           main] o.s.o.j.p.SpringPersistenceUnitInfo      : No LoadTimeWeaver setup: ignoring JPA class transformer
2023-11-22T18:22:19.250-03:00  INFO 5480 --- [           main] com.zaxxer.hikari.HikariDataSource       : HikariPool-1 - Starting...
2023-11-22T18:22:19.702-03:00  INFO 5480 --- [           main] com.zaxxer.hikari.pool.HikariPool        : HikariPool-1 - Added connection com.mysql.cj.jdbc.ConnectionImpl@2ff498b0
2023-11-22T18:22:19.705-03:00  INFO 5480 --- [           main] com.zaxxer.hikari.HikariDataSource       : HikariPool-1 - Start completed.
2023-11-22T18:22:19.764-03:00  WARN 5480 --- [           main] org.hibernate.orm.deprecation            : HHH90000025: MySQL8Dialect does not need to be specified explicitly using 'hibernate.dialect' (remove the property setting and it will be selected by default)
2023-11-22T18:22:19.765-03:00  WARN 5480 --- [           main] org.hibernate.orm.deprecation            : HHH90000026: MySQL8Dialect has been deprecated; use org.hibernate.dialect.MySQLDialect instead
2023-11-22T18:22:21.007-03:00  INFO 5480 --- [           main] o.h.e.t.j.p.i.JtaPlatformInitiator       : HHH000489: No JTA platform available (set 'hibernate.transaction.jta.platform' to enable JTA platform integration)
2023-11-22T18:22:21.078-03:00  INFO 5480 --- [           main] j.LocalContainerEntityManagerFactoryBean : Initialized JPA EntityManagerFactory for persistence unit 'default'
2023-11-22T18:22:21.755-03:00  WARN 5480 --- [           main] JpaBaseConfiguration$JpaWebConfiguration : spring.jpa.open-in-view is enabled by default. Therefore, database queries may be performed during view rendering. Explicitly configure spring.jpa.open-in-view to disable this warning
2023-11-22T18:22:22.296-03:00  INFO 5480 --- [           main] c.sistema.escola.EscolaApplicationTests  : Started EscolaApplicationTests in 5.72 seconds (process running for 6.994)
]]></system-out>
  </testcase>
</testsuite>